[2025-12-07T19:02:53.465+0000] {local_task_job_runner.py:120} INFO - ::group::Pre task execution logs
[2025-12-07T19:02:53.668+0000] {taskinstance.py:2076} INFO - Dependencies all met for dep_context=non-requeueable deps ti=<TaskInstance: 02_pipeline_completo_boticario.gerar_dados manual__2025-12-07T19:02:45.486966+00:00 [queued]>
[2025-12-07T19:02:53.697+0000] {taskinstance.py:2076} INFO - Dependencies all met for dep_context=requeueable deps ti=<TaskInstance: 02_pipeline_completo_boticario.gerar_dados manual__2025-12-07T19:02:45.486966+00:00 [queued]>
[2025-12-07T19:02:53.701+0000] {taskinstance.py:2306} INFO - Starting attempt 1 of 1
[2025-12-07T19:02:53.735+0000] {taskinstance.py:2330} INFO - Executing <Task(PythonOperator): gerar_dados> on 2025-12-07 19:02:45.486966+00:00
[2025-12-07T19:02:53.764+0000] {standard_task_runner.py:90} INFO - Running: ['***', 'tasks', 'run', '02_pipeline_completo_boticario', 'gerar_dados', 'manual__2025-12-07T19:02:45.486966+00:00', '--job-id', '6', '--raw', '--subdir', 'DAGS_FOLDER/pipeline_ingestao.py', '--cfg-path', '/tmp/tmp9kkhlhi3']
[2025-12-07T19:02:53.772+0000] {logging_mixin.py:188} WARNING - /home/***/.local/lib/python3.12/site-packages/***/task/task_runner/standard_task_runner.py:61 DeprecationWarning: This process (pid=352) is multi-threaded, use of fork() may lead to deadlocks in the child.
[2025-12-07T19:02:53.775+0000] {standard_task_runner.py:91} INFO - Job 6: Subtask gerar_dados
[2025-12-07T19:02:53.776+0000] {standard_task_runner.py:63} INFO - Started process 354 to run task
[2025-12-07T19:02:53.957+0000] {task_command.py:426} INFO - Running <TaskInstance: 02_pipeline_completo_boticario.gerar_dados manual__2025-12-07T19:02:45.486966+00:00 [running]> on host bb7fc5387fbc
[2025-12-07T19:02:54.328+0000] {taskinstance.py:2648} INFO - Exporting env vars: AIRFLOW_CTX_DAG_OWNER='***' AIRFLOW_CTX_DAG_ID='02_pipeline_completo_boticario' AIRFLOW_CTX_TASK_ID='gerar_dados' AIRFLOW_CTX_EXECUTION_DATE='2025-12-07T19:02:45.486966+00:00' AIRFLOW_CTX_TRY_NUMBER='1' AIRFLOW_CTX_DAG_RUN_ID='manual__2025-12-07T19:02:45.486966+00:00'
[2025-12-07T19:02:54.332+0000] {taskinstance.py:430} INFO - ::endgroup::
[2025-12-07T19:02:54.389+0000] {taskinstance.py:441} INFO - ::group::Post task execution logs
[2025-12-07T19:02:54.397+0000] {taskinstance.py:2905} ERROR - Task failed with exception
Traceback (most recent call last):
  File "/home/airflow/.local/lib/python3.12/site-packages/airflow/models/taskinstance.py", line 465, in _execute_task
    result = _execute_callable(context=context, **execute_callable_kwargs)
             ^^^^^^^^^^^^^^^^^^^^^^^^^^^^^^^^^^^^^^^^^^^^^^^^^^^^^^^^^^^^^
  File "/home/airflow/.local/lib/python3.12/site-packages/airflow/models/taskinstance.py", line 432, in _execute_callable
    return execute_callable(context=context, **execute_callable_kwargs)
           ^^^^^^^^^^^^^^^^^^^^^^^^^^^^^^^^^^^^^^^^^^^^^^^^^^^^^^^^^^^^
  File "/home/airflow/.local/lib/python3.12/site-packages/airflow/models/baseoperator.py", line 400, in wrapper
    return func(self, *args, **kwargs)
           ^^^^^^^^^^^^^^^^^^^^^^^^^^^
  File "/home/airflow/.local/lib/python3.12/site-packages/airflow/operators/python.py", line 235, in execute
    return_value = self.execute_callable()
                   ^^^^^^^^^^^^^^^^^^^^^^^
  File "/home/airflow/.local/lib/python3.12/site-packages/airflow/operators/python.py", line 252, in execute_callable
    return self.python_callable(*self.op_args, **self.op_kwargs)
           ^^^^^^^^^^^^^^^^^^^^^^^^^^^^^^^^^^^^^^^^^^^^^^^^^^^^^
  File "/opt/airflow/dags/pipeline_ingestao.py", line 33, in gerar_dados_fake
    return camino  # Ops, corrigindo o typo anterior aqui tamb√©m se tiver
           ^^^^^^
NameError: name 'camino' is not defined. Did you mean: 'caminho'?
[2025-12-07T19:02:54.452+0000] {taskinstance.py:1206} INFO - Marking task as FAILED. dag_id=02_pipeline_completo_boticario, task_id=gerar_dados, run_id=manual__2025-12-07T19:02:45.486966+00:00, execution_date=20251207T190245, start_date=20251207T190253, end_date=20251207T190254
[2025-12-07T19:02:54.484+0000] {standard_task_runner.py:110} ERROR - Failed to execute job 6 for task gerar_dados (name 'camino' is not defined; 354)
[2025-12-07T19:02:54.528+0000] {local_task_job_runner.py:240} INFO - Task exited with return code 1
[2025-12-07T19:02:54.601+0000] {taskinstance.py:3498} INFO - 0 downstream tasks scheduled from follow-on schedule check
[2025-12-07T19:02:54.625+0000] {local_task_job_runner.py:222} INFO - ::endgroup::
